Build started 2015.03.12. 18:25:17.
     1>Project "C:\Unzip\MinGW\Stockfish-master\annobook\annobook\annobook.vcxproj" on node 2 (Build target(s)).
     1>ClCompile:
         C:\Program Files (x86)\Microsoft Visual Studio 11.0\VC\bin\CL.exe /c /Zi /nologo /W3 /WX- /O2 /Oi /Oy- /GL /D WIN32 /D NDEBUG /D _CONSOLE /D _UNICODE /D UNICODE /Gm- /EHsc /MD /GS /Gy /fp:precise /Zc:wchar_t /Zc:forScope /Fo"Release\\" /Fd"Release\vc110.pdb" /Gd /TP /analyze- /errorReport:prompt anno.cpp annodefault.cpp deep.cpp diskhash.cpp position.cpp simplemente.cpp xboard.cpp
         anno.cpp
         annodefault.cpp
         deep.cpp
         diskhash.cpp
         position.cpp
         simplemente.cpp
         xboard.cpp
         C:\Program Files (x86)\Microsoft Visual Studio 11.0\VC\bin\CL.exe /c /Zi /nologo /W3 /WX- /O2 /Oi /Oy- /GL /D WIN32 /D NDEBUG /D _CONSOLE /D _UNICODE /D UNICODE /Gm- /EHsc /MD /GS /Gy /fp:precise /Zc:wchar_t /Zc:forScope /Fo"Release\\" /Fd"Release\vc110.pdb" /Gd /TC /analyze- /errorReport:prompt xxhash.c
         xxhash.c
       Link:
         C:\Program Files (x86)\Microsoft Visual Studio 11.0\VC\bin\link.exe /ERRORREPORT:PROMPT /OUT:"C:\Unzip\MinGW\Stockfish-master\annobook\Release\annobook.exe" /INCREMENTAL:NO /NOLOGO kernel32.lib user32.lib gdi32.lib winspool.lib comdlg32.lib advapi32.lib shell32.lib ole32.lib oleaut32.lib uuid.lib odbc32.lib odbccp32.lib /MANIFEST /MANIFESTUAC:"level='asInvoker' uiAccess='false'" /manifest:embed /DEBUG /PDB:"C:\Unzip\MinGW\Stockfish-master\annobook\Release\annobook.pdb" /SUBSYSTEM:CONSOLE /OPT:REF /OPT:ICF /LTCG /TLBID:1 /DYNAMICBASE /NXCOMPAT /IMPLIB:"C:\Unzip\MinGW\Stockfish-master\annobook\Release\annobook.lib" /MACHINE:X86 /SAFESEH Release\anno.obj
         Release\annodefault.obj
         Release\deep.obj
         Release\diskhash.obj
         Release\position.obj
         Release\simplemente.obj
         Release\xboard.obj
         Release\xxhash.obj
         Generating code
         Finished generating code
         annobook.vcxproj -> C:\Unzip\MinGW\Stockfish-master\annobook\Release\annobook.exe
     1>Done Building Project "C:\Unzip\MinGW\Stockfish-master\annobook\annobook\annobook.vcxproj" (Build target(s)).

Build succeeded.

Time Elapsed 00:00:05.66
